::ffff:173.28.188.186 - - [Sat, 20 Feb 2016 17:44:43 GMT] "PUT /myflows/user HTTP/1.1" 200 185 "-" "Mozilla/5.0 (Windows NT 10.0; WOW64) AppleWebKit/537.36 (KHTML, like Gecko) Chrome/48.0.2564.109 Safari/537.36"
::ffff:173.28.188.186 - - [Sat, 20 Feb 2016 17:44:47 GMT] "PUT /myflows/user HTTP/1.1" 200 185 "-" "Mozilla/5.0 (Windows NT 10.0; WOW64) AppleWebKit/537.36 (KHTML, like Gecko) Chrome/48.0.2564.109 Safari/537.36"
::ffff:173.28.188.186 - - [Sat, 20 Feb 2016 17:44:50 GMT] "PUT /myflows/user HTTP/1.1" 200 185 "-" "Mozilla/5.0 (Windows NT 10.0; WOW64) AppleWebKit/537.36 (KHTML, like Gecko) Chrome/48.0.2564.109 Safari/537.36"
::1 - - [Sat, 20 Feb 2016 18:05:51 GMT] "GET /index.html HTTP/1.1" 200 2804 "-" "Mozilla/5.0 (Windows NT 10.0; Win64; x64) AppleWebKit/537.36 (KHTML, like Gecko) Chrome/42.0.2311.135 Safari/537.36 Edge/12.10240"
::1 - - [Sat, 20 Feb 2016 18:05:51 GMT] "GET /css/external/bootstrap-theme.min.css HTTP/1.1" 200 23414 "http://localhost:3001/index.html" "Mozilla/5.0 (Windows NT 10.0; Win64; x64) AppleWebKit/537.36 (KHTML, like Gecko) Chrome/42.0.2311.135 Safari/537.36 Edge/12.10240"
::1 - - [Sat, 20 Feb 2016 18:05:51 GMT] "GET /css/app.css HTTP/1.1" 200 208 "http://localhost:3001/index.html" "Mozilla/5.0 (Windows NT 10.0; Win64; x64) AppleWebKit/537.36 (KHTML, like Gecko) Chrome/42.0.2311.135 Safari/537.36 Edge/12.10240"
::1 - - [Sat, 20 Feb 2016 18:05:51 GMT] "GET /css/external/bootstrap.min.css HTTP/1.1" 200 121265 "http://localhost:3001/index.html" "Mozilla/5.0 (Windows NT 10.0; Win64; x64) AppleWebKit/537.36 (KHTML, like Gecko) Chrome/42.0.2311.135 Safari/537.36 Edge/12.10240"
::1 - - [Sat, 20 Feb 2016 18:05:51 GMT] "GET /js/external/bootstrap.min.js HTTP/1.1" 200 36874 "http://localhost:3001/index.html" "Mozilla/5.0 (Windows NT 10.0; Win64; x64) AppleWebKit/537.36 (KHTML, like Gecko) Chrome/42.0.2311.135 Safari/537.36 Edge/12.10240"
::1 - - [Sat, 20 Feb 2016 18:05:51 GMT] "GET /js/external/jquery.min.js HTTP/1.1" 200 85593 "http://localhost:3001/index.html" "Mozilla/5.0 (Windows NT 10.0; Win64; x64) AppleWebKit/537.36 (KHTML, like Gecko) Chrome/42.0.2311.135 Safari/537.36 Edge/12.10240"
::1 - - [Sat, 20 Feb 2016 18:05:51 GMT] "GET /js/app.js HTTP/1.1" 200 1056 "http://localhost:3001/index.html" "Mozilla/5.0 (Windows NT 10.0; Win64; x64) AppleWebKit/537.36 (KHTML, like Gecko) Chrome/42.0.2311.135 Safari/537.36 Edge/12.10240"
::1 - - [Sat, 20 Feb 2016 18:05:51 GMT] "GET /js/external/angular-css.min.js HTTP/1.1" 200 6481 "http://localhost:3001/index.html" "Mozilla/5.0 (Windows NT 10.0; Win64; x64) AppleWebKit/537.36 (KHTML, like Gecko) Chrome/42.0.2311.135 Safari/537.36 Edge/12.10240"
::1 - - [Sat, 20 Feb 2016 18:05:51 GMT] "GET /js/external/angular-route.js HTTP/1.1" 200 36868 "http://localhost:3001/index.html" "Mozilla/5.0 (Windows NT 10.0; Win64; x64) AppleWebKit/537.36 (KHTML, like Gecko) Chrome/42.0.2311.135 Safari/537.36 Edge/12.10240"
::1 - - [Sat, 20 Feb 2016 18:05:51 GMT] "GET /js/external/angular.min.js HTTP/1.1" 200 150312 "http://localhost:3001/index.html" "Mozilla/5.0 (Windows NT 10.0; Win64; x64) AppleWebKit/537.36 (KHTML, like Gecko) Chrome/42.0.2311.135 Safari/537.36 Edge/12.10240"
::1 - - [Sat, 20 Feb 2016 18:05:51 GMT] "GET /js/controller/loginController.js HTTP/1.1" 200 - "http://localhost:3001/index.html" "Mozilla/5.0 (Windows NT 10.0; Win64; x64) AppleWebKit/537.36 (KHTML, like Gecko) Chrome/42.0.2311.135 Safari/537.36 Edge/12.10240"
::1 - - [Sat, 20 Feb 2016 18:05:51 GMT] "GET /js/controller/navController.js HTTP/1.1" 200 246 "http://localhost:3001/index.html" "Mozilla/5.0 (Windows NT 10.0; Win64; x64) AppleWebKit/537.36 (KHTML, like Gecko) Chrome/42.0.2311.135 Safari/537.36 Edge/12.10240"
::1 - - [Sat, 20 Feb 2016 18:05:51 GMT] "GET /js/controller/userController.js HTTP/1.1" 200 311 "http://localhost:3001/index.html" "Mozilla/5.0 (Windows NT 10.0; Win64; x64) AppleWebKit/537.36 (KHTML, like Gecko) Chrome/42.0.2311.135 Safari/537.36 Edge/12.10240"
::1 - - [Sat, 20 Feb 2016 18:05:51 GMT] "GET /js/controller/workflowController.js HTTP/1.1" 200 - "http://localhost:3001/index.html" "Mozilla/5.0 (Windows NT 10.0; Win64; x64) AppleWebKit/537.36 (KHTML, like Gecko) Chrome/42.0.2311.135 Safari/537.36 Edge/12.10240"
::1 - - [Sat, 20 Feb 2016 18:05:51 GMT] "GET /js/services/workflowService.js HTTP/1.1" 200 377 "http://localhost:3001/index.html" "Mozilla/5.0 (Windows NT 10.0; Win64; x64) AppleWebKit/537.36 (KHTML, like Gecko) Chrome/42.0.2311.135 Safari/537.36 Edge/12.10240"
::1 - - [Sat, 20 Feb 2016 18:05:51 GMT] "GET /js/services/userService.js HTTP/1.1" 200 252 "http://localhost:3001/index.html" "Mozilla/5.0 (Windows NT 10.0; Win64; x64) AppleWebKit/537.36 (KHTML, like Gecko) Chrome/42.0.2311.135 Safari/537.36 Edge/12.10240"
::1 - - [Sat, 20 Feb 2016 18:05:51 GMT] "GET /templates/default.html HTTP/1.1" 200 9 "http://localhost:3001/index.html" "Mozilla/5.0 (Windows NT 10.0; Win64; x64) AppleWebKit/537.36 (KHTML, like Gecko) Chrome/42.0.2311.135 Safari/537.36 Edge/12.10240"
::1 - - [Sat, 20 Feb 2016 18:05:55 GMT] "GET /templates/user-modify.html HTTP/1.1" 200 1783 "http://localhost:3001/index.html" "Mozilla/5.0 (Windows NT 10.0; Win64; x64) AppleWebKit/537.36 (KHTML, like Gecko) Chrome/42.0.2311.135 Safari/537.36 Edge/12.10240"
::1 - - [Sat, 20 Feb 2016 18:05:55 GMT] "GET /css/external/bootstrap.min.css HTTP/1.1" 304 - "http://localhost:3001/index.html" "Mozilla/5.0 (Windows NT 10.0; Win64; x64) AppleWebKit/537.36 (KHTML, like Gecko) Chrome/42.0.2311.135 Safari/537.36 Edge/12.10240"
::1 - - [Sat, 20 Feb 2016 18:05:55 GMT] "GET /css/external/bootstrap-theme.min.css HTTP/1.1" 304 - "http://localhost:3001/index.html" "Mozilla/5.0 (Windows NT 10.0; Win64; x64) AppleWebKit/537.36 (KHTML, like Gecko) Chrome/42.0.2311.135 Safari/537.36 Edge/12.10240"
::1 - - [Sat, 20 Feb 2016 18:05:57 GMT] "GET /templates/workflow-list.html HTTP/1.1" 200 10 "http://localhost:3001/index.html" "Mozilla/5.0 (Windows NT 10.0; Win64; x64) AppleWebKit/537.36 (KHTML, like Gecko) Chrome/42.0.2311.135 Safari/537.36 Edge/12.10240"
::1 - - [Sat, 20 Feb 2016 18:06:00 GMT] "GET /templates/about.html HTTP/1.1" 200 993 "http://localhost:3001/index.html" "Mozilla/5.0 (Windows NT 10.0; Win64; x64) AppleWebKit/537.36 (KHTML, like Gecko) Chrome/42.0.2311.135 Safari/537.36 Edge/12.10240"
::1 - - [Sat, 20 Feb 2016 18:06:00 GMT] "GET /%7B%7B%20teamMember.mugPath%20%7D%7D HTTP/1.1" 404 49 "http://localhost:3001/index.html" "Mozilla/5.0 (Windows NT 10.0; Win64; x64) AppleWebKit/537.36 (KHTML, like Gecko) Chrome/42.0.2311.135 Safari/537.36 Edge/12.10240"
::1 - - [Sat, 20 Feb 2016 18:06:14 GMT] "PUT /myflows/user HTTP/1.1" 200 313 "-" "Mozilla/5.0 (Windows NT 10.0; WOW64) AppleWebKit/537.36 (KHTML, like Gecko) Chrome/48.0.2564.116 Safari/537.36"
::1 - - [Sat, 20 Feb 2016 18:06:45 GMT] "PUT /myflows/user HTTP/1.1" 200 313 "-" "Mozilla/5.0 (Windows NT 10.0; WOW64) AppleWebKit/537.36 (KHTML, like Gecko) Chrome/48.0.2564.116 Safari/537.36"
::1 - - [Sat, 20 Feb 2016 18:06:46 GMT] "PUT /myflows/user HTTP/1.1" 200 313 "-" "Mozilla/5.0 (Windows NT 10.0; WOW64) AppleWebKit/537.36 (KHTML, like Gecko) Chrome/48.0.2564.116 Safari/537.36"
::1 - - [Sat, 20 Feb 2016 18:06:46 GMT] "PUT /myflows/user HTTP/1.1" 200 313 "-" "Mozilla/5.0 (Windows NT 10.0; WOW64) AppleWebKit/537.36 (KHTML, like Gecko) Chrome/48.0.2564.116 Safari/537.36"
::1 - - [Sat, 20 Feb 2016 18:06:47 GMT] "PUT /myflows/user HTTP/1.1" 200 313 "-" "Mozilla/5.0 (Windows NT 10.0; WOW64) AppleWebKit/537.36 (KHTML, like Gecko) Chrome/48.0.2564.116 Safari/537.36"
::1 - - [Sat, 20 Feb 2016 18:06:47 GMT] "PUT /myflows/user HTTP/1.1" 200 313 "-" "Mozilla/5.0 (Windows NT 10.0; WOW64) AppleWebKit/537.36 (KHTML, like Gecko) Chrome/48.0.2564.116 Safari/537.36"
::1 - - [Sat, 20 Feb 2016 18:07:24 GMT] "PUT /myflows/user HTTP/1.1" 200 385 "-" "Mozilla/5.0 (Windows NT 10.0; WOW64) AppleWebKit/537.36 (KHTML, like Gecko) Chrome/48.0.2564.116 Safari/537.36"
::1 - - [Sat, 20 Feb 2016 18:09:31 GMT] "PUT /myflows/user HTTP/1.1" 200 387 "-" "Mozilla/5.0 (Windows NT 10.0; WOW64) AppleWebKit/537.36 (KHTML, like Gecko) Chrome/48.0.2564.116 Safari/537.36"
::1 - - [Sat, 20 Feb 2016 18:09:58 GMT] "PUT /myflows/user HTTP/1.1" 200 385 "-" "Mozilla/5.0 (Windows NT 10.0; WOW64) AppleWebKit/537.36 (KHTML, like Gecko) Chrome/48.0.2564.116 Safari/537.36"
::1 - - [Sat, 20 Feb 2016 18:10:16 GMT] "PUT /myflows/user HTTP/1.1" 200 387 "-" "Mozilla/5.0 (Windows NT 10.0; WOW64) AppleWebKit/537.36 (KHTML, like Gecko) Chrome/48.0.2564.116 Safari/537.36"
::1 - - [Sat, 20 Feb 2016 18:10:50 GMT] "PUT /myflows/user HTTP/1.1" 200 385 "-" "Mozilla/5.0 (Windows NT 10.0; WOW64) AppleWebKit/537.36 (KHTML, like Gecko) Chrome/48.0.2564.116 Safari/537.36"
::1 - - [Sat, 20 Feb 2016 18:11:00 GMT] "PUT /myflows/user HTTP/1.1" 200 386 "-" "Mozilla/5.0 (Windows NT 10.0; WOW64) AppleWebKit/537.36 (KHTML, like Gecko) Chrome/48.0.2564.116 Safari/537.36"
::1 - - [Sat, 20 Feb 2016 18:11:11 GMT] "PUT /myflows/user HTTP/1.1" 200 387 "-" "Mozilla/5.0 (Windows NT 10.0; WOW64) AppleWebKit/537.36 (KHTML, like Gecko) Chrome/48.0.2564.116 Safari/537.36"
::1 - - [Sat, 20 Feb 2016 18:11:29 GMT] "PUT /myflows/user HTTP/1.1" 200 386 "-" "Mozilla/5.0 (Windows NT 10.0; WOW64) AppleWebKit/537.36 (KHTML, like Gecko) Chrome/48.0.2564.116 Safari/537.36"
::1 - - [Sat, 20 Feb 2016 18:11:48 GMT] "GET /myflows/user?skip=0&limit=3 HTTP/1.1" 200 - "-" "Mozilla/5.0 (Windows NT 10.0; WOW64) AppleWebKit/537.36 (KHTML, like Gecko) Chrome/48.0.2564.116 Safari/537.36"
::1 - - [Sat, 20 Feb 2016 18:12:21 GMT] "PUT /myflows/user HTTP/1.1" 200 385 "-" "Mozilla/5.0 (Windows NT 10.0; WOW64) AppleWebKit/537.36 (KHTML, like Gecko) Chrome/48.0.2564.116 Safari/537.36"
::1 - - [Sat, 20 Feb 2016 18:17:34 GMT] "PUT /myflows/user HTTP/1.1" 200 385 "-" "Mozilla/5.0 (Windows NT 10.0; WOW64) AppleWebKit/537.36 (KHTML, like Gecko) Chrome/48.0.2564.116 Safari/537.36"
::1 - - [Sat, 20 Feb 2016 18:21:01 GMT] "PUT /myflows/user HTTP/1.1" 200 201 "-" "Mozilla/5.0 (Windows NT 10.0; WOW64) AppleWebKit/537.36 (KHTML, like Gecko) Chrome/48.0.2564.116 Safari/537.36"
::1 - - [Sat, 20 Feb 2016 18:21:56 GMT] "PUT /myflows/user HTTP/1.1" 200 201 "-" "Mozilla/5.0 (Windows NT 10.0; WOW64) AppleWebKit/537.36 (KHTML, like Gecko) Chrome/48.0.2564.116 Safari/537.36"
::1 - - [Sat, 20 Feb 2016 18:22:05 GMT] "PUT /myflows/user HTTP/1.1" 200 201 "-" "Mozilla/5.0 (Windows NT 10.0; WOW64) AppleWebKit/537.36 (KHTML, like Gecko) Chrome/48.0.2564.116 Safari/537.36"
::1 - - [Sat, 20 Feb 2016 18:22:19 GMT] "GET /myflows/user?skip=0&limit=2 HTTP/1.1" 200 215 "-" "Mozilla/5.0 (Windows NT 10.0; WOW64) AppleWebKit/537.36 (KHTML, like Gecko) Chrome/48.0.2564.116 Safari/537.36"
::1 - - [Sat, 20 Feb 2016 18:22:55 GMT] "PUT /myflows/user?skip=0&limit=2 HTTP/1.1" 200 203 "-" "Mozilla/5.0 (Windows NT 10.0; WOW64) AppleWebKit/537.36 (KHTML, like Gecko) Chrome/48.0.2564.116 Safari/537.36"
::1 - - [Sat, 20 Feb 2016 18:23:14 GMT] "GET /css/external/bootstrap.min.css HTTP/1.1" 304 - "http://localhost:3001/index.html" "Mozilla/5.0 (Windows NT 10.0; Win64; x64) AppleWebKit/537.36 (KHTML, like Gecko) Chrome/42.0.2311.135 Safari/537.36 Edge/12.10240"
::1 - - [Sat, 20 Feb 2016 18:23:14 GMT] "GET /css/external/bootstrap-theme.min.css HTTP/1.1" 304 - "http://localhost:3001/index.html" "Mozilla/5.0 (Windows NT 10.0; Win64; x64) AppleWebKit/537.36 (KHTML, like Gecko) Chrome/42.0.2311.135 Safari/537.36 Edge/12.10240"
::1 - - [Sat, 20 Feb 2016 18:23:29 GMT] "GET /css/external/bootstrap.min.css HTTP/1.1" 304 - "http://localhost:3001/index.html" "Mozilla/5.0 (Windows NT 10.0; Win64; x64) AppleWebKit/537.36 (KHTML, like Gecko) Chrome/42.0.2311.135 Safari/537.36 Edge/12.10240"
::1 - - [Sat, 20 Feb 2016 18:23:29 GMT] "GET /css/external/bootstrap-theme.min.css HTTP/1.1" 304 - "http://localhost:3001/index.html" "Mozilla/5.0 (Windows NT 10.0; Win64; x64) AppleWebKit/537.36 (KHTML, like Gecko) Chrome/42.0.2311.135 Safari/537.36 Edge/12.10240"
::1 - - [Sat, 20 Feb 2016 18:24:32 GMT] "PUT /myflows/user?skip=0&limit=2 HTTP/1.1" 200 203 "-" "Mozilla/5.0 (Windows NT 10.0; WOW64) AppleWebKit/537.36 (KHTML, like Gecko) Chrome/48.0.2564.116 Safari/537.36"
::1 - - [Sat, 20 Feb 2016 18:24:33 GMT] "PUT /myflows/user?skip=0&limit=2 HTTP/1.1" 200 203 "-" "Mozilla/5.0 (Windows NT 10.0; WOW64) AppleWebKit/537.36 (KHTML, like Gecko) Chrome/48.0.2564.116 Safari/537.36"
::1 - - [Sat, 20 Feb 2016 18:24:53 GMT] "PUT /myflows/user?skip=0&limit=0 HTTP/1.1" 200 203 "-" "Mozilla/5.0 (Windows NT 10.0; WOW64) AppleWebKit/537.36 (KHTML, like Gecko) Chrome/48.0.2564.116 Safari/537.36"
::1 - - [Sat, 20 Feb 2016 18:25:16 GMT] "PUT /myflows/user?skip=1&limit=0 HTTP/1.1" 200 203 "-" "Mozilla/5.0 (Windows NT 10.0; WOW64) AppleWebKit/537.36 (KHTML, like Gecko) Chrome/48.0.2564.116 Safari/537.36"
::1 - - [Sat, 20 Feb 2016 18:25:33 GMT] "GET /myflows/user?skip=0&limit=0 HTTP/1.1" 200 867 "-" "Mozilla/5.0 (Windows NT 10.0; WOW64) AppleWebKit/537.36 (KHTML, like Gecko) Chrome/48.0.2564.116 Safari/537.36"
::1 - - [Sat, 20 Feb 2016 18:26:06 GMT] "GET /myflows/user?skip=0&limit=0 HTTP/1.1" 304 - "-" "Mozilla/5.0 (Windows NT 10.0; WOW64) AppleWebKit/537.36 (KHTML, like Gecko) Chrome/48.0.2564.116 Safari/537.36"
::1 - - [Sat, 20 Feb 2016 18:26:07 GMT] "GET /myflows/user?skip=0&limit=0 HTTP/1.1" 304 - "-" "Mozilla/5.0 (Windows NT 10.0; WOW64) AppleWebKit/537.36 (KHTML, like Gecko) Chrome/48.0.2564.116 Safari/537.36"
::1 - - [Sat, 20 Feb 2016 18:26:09 GMT] "GET /myflows/user?skip=0&limit=0 HTTP/1.1" 304 - "-" "Mozilla/5.0 (Windows NT 10.0; WOW64) AppleWebKit/537.36 (KHTML, like Gecko) Chrome/48.0.2564.116 Safari/537.36"
::1 - - [Sat, 20 Feb 2016 18:26:10 GMT] "GET /myflows/user?skip=0&limit=0 HTTP/1.1" 304 - "-" "Mozilla/5.0 (Windows NT 10.0; WOW64) AppleWebKit/537.36 (KHTML, like Gecko) Chrome/48.0.2564.116 Safari/537.36"
::1 - - [Sat, 20 Feb 2016 18:26:12 GMT] "GET /myflows/user?skip=0&limit=0 HTTP/1.1" 304 - "-" "Mozilla/5.0 (Windows NT 10.0; WOW64) AppleWebKit/537.36 (KHTML, like Gecko) Chrome/48.0.2564.116 Safari/537.36"
::1 - - [Sat, 20 Feb 2016 18:26:14 GMT] "GET /myflows/user?skip=0&limit=0 HTTP/1.1" 304 - "-" "Mozilla/5.0 (Windows NT 10.0; WOW64) AppleWebKit/537.36 (KHTML, like Gecko) Chrome/48.0.2564.116 Safari/537.36"
::1 - - [Sat, 20 Feb 2016 18:26:21 GMT] "PUT /myflows/user?skip=0&limit=0 HTTP/1.1" 200 203 "-" "Mozilla/5.0 (Windows NT 10.0; WOW64) AppleWebKit/537.36 (KHTML, like Gecko) Chrome/48.0.2564.116 Safari/537.36"
::1 - - [Sat, 20 Feb 2016 18:26:46 GMT] "PUT /myflows/user?skip=0&limit=0 HTTP/1.1" 200 201 "-" "Mozilla/5.0 (Windows NT 10.0; WOW64) AppleWebKit/537.36 (KHTML, like Gecko) Chrome/48.0.2564.116 Safari/537.36"
::1 - - [Sat, 20 Feb 2016 18:26:51 GMT] "PUT /myflows/user?skip=0&limit=0 HTTP/1.1" 200 201 "-" "Mozilla/5.0 (Windows NT 10.0; WOW64) AppleWebKit/537.36 (KHTML, like Gecko) Chrome/48.0.2564.116 Safari/537.36"
::1 - - [Sat, 20 Feb 2016 18:27:13 GMT] "PUT /myflows/user?skip=0&limit=0 HTTP/1.1" 200 201 "-" "Mozilla/5.0 (Windows NT 10.0; WOW64) AppleWebKit/537.36 (KHTML, like Gecko) Chrome/48.0.2564.116 Safari/537.36"
::1 - - [Sat, 20 Feb 2016 18:27:24 GMT] "GET /myflows/user?skip=0&limit=0 HTTP/1.1" 200 1297 "-" "Mozilla/5.0 (Windows NT 10.0; WOW64) AppleWebKit/537.36 (KHTML, like Gecko) Chrome/48.0.2564.116 Safari/537.36"
::1 - - [Sat, 20 Feb 2016 18:28:24 GMT] "GET /myflows/user?skip=0&limit=0 HTTP/1.1" 304 - "-" "Mozilla/5.0 (Windows NT 10.0; WOW64) AppleWebKit/537.36 (KHTML, like Gecko) Chrome/48.0.2564.116 Safari/537.36"
::1 - - [Sat, 20 Feb 2016 18:28:26 GMT] "GET /myflows/user?skip=0&limit=0 HTTP/1.1" 304 - "-" "Mozilla/5.0 (Windows NT 10.0; WOW64) AppleWebKit/537.36 (KHTML, like Gecko) Chrome/48.0.2564.116 Safari/537.36"
::1 - - [Sat, 20 Feb 2016 18:28:27 GMT] "GET /myflows/user?skip=0&limit=0 HTTP/1.1" 304 - "-" "Mozilla/5.0 (Windows NT 10.0; WOW64) AppleWebKit/537.36 (KHTML, like Gecko) Chrome/48.0.2564.116 Safari/537.36"
::1 - - [Sat, 20 Feb 2016 18:28:31 GMT] "PUT /myflows/user?skip=0&limit=0 HTTP/1.1" 200 201 "-" "Mozilla/5.0 (Windows NT 10.0; WOW64) AppleWebKit/537.36 (KHTML, like Gecko) Chrome/48.0.2564.116 Safari/537.36"
::1 - - [Sat, 20 Feb 2016 18:28:33 GMT] "PUT /myflows/user?skip=0&limit=0 HTTP/1.1" 200 201 "-" "Mozilla/5.0 (Windows NT 10.0; WOW64) AppleWebKit/537.36 (KHTML, like Gecko) Chrome/48.0.2564.116 Safari/537.36"
::1 - - [Sat, 20 Feb 2016 18:28:46 GMT] "GET /myflows/user?skip=0&limit=0 HTTP/1.1" 200 1511 "-" "Mozilla/5.0 (Windows NT 10.0; WOW64) AppleWebKit/537.36 (KHTML, like Gecko) Chrome/48.0.2564.116 Safari/537.36"
::1 - - [Sat, 20 Feb 2016 18:28:52 GMT] "GET /myflows/user?skip=0&limit=0 HTTP/1.1" 304 - "-" "Mozilla/5.0 (Windows NT 10.0; WOW64) AppleWebKit/537.36 (KHTML, like Gecko) Chrome/48.0.2564.116 Safari/537.36"
- - - [Sat, 20 Feb 2016 19:35:59 GMT] "GET /myflows/user?skip=0&limit=0 HTTP/1.1" 304 - "-" "Mozilla/5.0 (Windows NT 10.0; WOW64) AppleWebKit/537.36 (KHTML, like Gecko) Chrome/48.0.2564.116 Safari/537.36"
::1 - - [Sat, 20 Feb 2016 19:35:59 GMT] "GET /myflows/user?skip=0&limit=0 HTTP/1.1" 200 1511 "-" "Mozilla/5.0 (Windows NT 10.0; WOW64) AppleWebKit/537.36 (KHTML, like Gecko) Chrome/48.0.2564.116 Safari/537.36"
::1 - - [Sat, 20 Feb 2016 19:43:53 GMT] "GET /css/external/bootstrap.min.css HTTP/1.1" 200 121265 "http://localhost:3001/" "Mozilla/5.0 (Windows NT 10.0; WOW64) AppleWebKit/537.36 (KHTML, like Gecko) Chrome/48.0.2564.116 Safari/537.36"
::1 - - [Sat, 20 Feb 2016 19:43:53 GMT] "GET /css/app.css HTTP/1.1" 200 208 "http://localhost:3001/" "Mozilla/5.0 (Windows NT 10.0; WOW64) AppleWebKit/537.36 (KHTML, like Gecko) Chrome/48.0.2564.116 Safari/537.36"
::1 - - [Sat, 20 Feb 2016 19:43:53 GMT] "GET /css/external/bootstrap-theme.min.css HTTP/1.1" 200 23414 "http://localhost:3001/" "Mozilla/5.0 (Windows NT 10.0; WOW64) AppleWebKit/537.36 (KHTML, like Gecko) Chrome/48.0.2564.116 Safari/537.36"
::1 - - [Sat, 20 Feb 2016 19:44:16 GMT] "GET /css/external/bootstrap.min.css HTTP/1.1" 304 - "http://localhost:3001/" "Mozilla/5.0 (Windows NT 10.0; WOW64) AppleWebKit/537.36 (KHTML, like Gecko) Chrome/48.0.2564.116 Safari/537.36"
::1 - - [Sat, 20 Feb 2016 19:44:16 GMT] "GET /css/external/bootstrap-theme.min.css HTTP/1.1" 304 - "http://localhost:3001/" "Mozilla/5.0 (Windows NT 10.0; WOW64) AppleWebKit/537.36 (KHTML, like Gecko) Chrome/48.0.2564.116 Safari/537.36"
::1 - - [Sat, 20 Feb 2016 19:44:16 GMT] "GET /css/app.css HTTP/1.1" 304 - "http://localhost:3001/" "Mozilla/5.0 (Windows NT 10.0; WOW64) AppleWebKit/537.36 (KHTML, like Gecko) Chrome/48.0.2564.116 Safari/537.36"
::1 - - [Sat, 20 Feb 2016 19:44:37 GMT] "GET /%7B%7B%20teamMember.mugPath%20%7D%7D HTTP/1.1" 404 49 "http://localhost:3001/" "Mozilla/5.0 (Windows NT 10.0; WOW64) AppleWebKit/537.36 (KHTML, like Gecko) Chrome/48.0.2564.116 Safari/537.36"
::1 - - [Sat, 20 Feb 2016 19:44:49 GMT] "GET /css/external/bootstrap.min.css HTTP/1.1" 304 - "http://localhost:3001/" "Mozilla/5.0 (Windows NT 10.0; WOW64) AppleWebKit/537.36 (KHTML, like Gecko) Chrome/48.0.2564.116 Safari/537.36"
::1 - - [Sat, 20 Feb 2016 19:44:49 GMT] "GET /css/external/bootstrap-theme.min.css HTTP/1.1" 304 - "http://localhost:3001/" "Mozilla/5.0 (Windows NT 10.0; WOW64) AppleWebKit/537.36 (KHTML, like Gecko) Chrome/48.0.2564.116 Safari/537.36"
::1 - - [Sat, 20 Feb 2016 19:44:49 GMT] "GET /css/app.css HTTP/1.1" 304 - "http://localhost:3001/" "Mozilla/5.0 (Windows NT 10.0; WOW64) AppleWebKit/537.36 (KHTML, like Gecko) Chrome/48.0.2564.116 Safari/537.36"
::1 - - [Sat, 20 Feb 2016 19:49:50 GMT] "GET /css/external/bootstrap.min.css HTTP/1.1" 304 - "http://localhost:3001/" "Mozilla/5.0 (Windows NT 10.0; WOW64) AppleWebKit/537.36 (KHTML, like Gecko) Chrome/48.0.2564.116 Safari/537.36"
::1 - - [Sat, 20 Feb 2016 19:49:50 GMT] "GET /css/external/bootstrap-theme.min.css HTTP/1.1" 304 - "http://localhost:3001/" "Mozilla/5.0 (Windows NT 10.0; WOW64) AppleWebKit/537.36 (KHTML, like Gecko) Chrome/48.0.2564.116 Safari/537.36"
::1 - - [Sat, 20 Feb 2016 19:49:50 GMT] "GET /css/app.css HTTP/1.1" 304 - "http://localhost:3001/" "Mozilla/5.0 (Windows NT 10.0; WOW64) AppleWebKit/537.36 (KHTML, like Gecko) Chrome/48.0.2564.116 Safari/537.36"
::1 - - [Sat, 20 Feb 2016 19:50:16 GMT] "GET /%7B%7B%20teamMember.mugPath%20%7D%7D HTTP/1.1" 404 49 "http://localhost:3001/" "Mozilla/5.0 (Windows NT 10.0; WOW64) AppleWebKit/537.36 (KHTML, like Gecko) Chrome/48.0.2564.116 Safari/537.36"
- - - [Sat, 20 Feb 2016 20:49:00 GMT] "GET /myflows/user HTTP/1.1" 200 1511 "-" "Mozilla/5.0 (Windows NT 10.0; WOW64) AppleWebKit/537.36 (KHTML, like Gecko) Chrome/48.0.2564.116 Safari/537.36"
::1 - - [Sat, 20 Feb 2016 20:49:00 GMT] "GET /css/external/bootstrap.min.css HTTP/1.1" 304 - "http://localhost:3001/index.html" "Mozilla/5.0 (Windows NT 10.0; Win64; x64) AppleWebKit/537.36 (KHTML, like Gecko) Chrome/42.0.2311.135 Safari/537.36 Edge/12.10240"
::1 - - [Sat, 20 Feb 2016 20:49:00 GMT] "GET /css/external/bootstrap-theme.min.css HTTP/1.1" 304 - "http://localhost:3001/index.html" "Mozilla/5.0 (Windows NT 10.0; Win64; x64) AppleWebKit/537.36 (KHTML, like Gecko) Chrome/42.0.2311.135 Safari/537.36 Edge/12.10240"
::1 - - [Sat, 20 Feb 2016 20:49:00 GMT] "GET /myflows/user HTTP/1.1" 200 1511 "-" "Mozilla/5.0 (Windows NT 10.0; WOW64) AppleWebKit/537.36 (KHTML, like Gecko) Chrome/48.0.2564.116 Safari/537.36"
::1 - - [Sat, 20 Feb 2016 20:49:38 GMT] "GET /myflows/user?skip=0&limit=2 HTTP/1.1" 200 - "-" "Mozilla/5.0 (Windows NT 10.0; WOW64) AppleWebKit/537.36 (KHTML, like Gecko) Chrome/48.0.2564.116 Safari/537.36"
::1 - - [Sat, 20 Feb 2016 20:50:46 GMT] "GET /myflows/user?skip=0&limit=2 HTTP/1.1" 200 - "-" "Mozilla/5.0 (Windows NT 10.0; WOW64) AppleWebKit/537.36 (KHTML, like Gecko) Chrome/48.0.2564.116 Safari/537.36"
::1 - - [Sat, 20 Feb 2016 20:56:55 GMT] "GET /myflows/user?skip=1&limit=2 HTTP/1.1" 200 - "-" "Mozilla/5.0 (Windows NT 10.0; WOW64) AppleWebKit/537.36 (KHTML, like Gecko) Chrome/48.0.2564.116 Safari/537.36"
::1 - - [Sat, 20 Feb 2016 20:57:27 GMT] "GET /myflows/user?skip=0&limit=3 HTTP/1.1" 200 322 "-" "Mozilla/5.0 (Windows NT 10.0; WOW64) AppleWebKit/537.36 (KHTML, like Gecko) Chrome/48.0.2564.116 Safari/537.36"
::1 - - [Sat, 20 Feb 2016 21:03:54 GMT] "GET / HTTP/1.1" 200 2804 "-" "Mozilla/5.0 (Windows NT 10.0; WOW64) AppleWebKit/537.36 (KHTML, like Gecko) Chrome/48.0.2564.116 Safari/537.36"
::1 - - [Sat, 20 Feb 2016 21:03:55 GMT] "GET /css/external/bootstrap.min.css HTTP/1.1" 304 - "http://localhost:3001/" "Mozilla/5.0 (Windows NT 10.0; WOW64) AppleWebKit/537.36 (KHTML, like Gecko) Chrome/48.0.2564.116 Safari/537.36"
::1 - - [Sat, 20 Feb 2016 21:03:55 GMT] "GET /css/external/bootstrap-theme.min.css HTTP/1.1" 304 - "http://localhost:3001/" "Mozilla/5.0 (Windows NT 10.0; WOW64) AppleWebKit/537.36 (KHTML, like Gecko) Chrome/48.0.2564.116 Safari/537.36"
::1 - - [Sat, 20 Feb 2016 21:03:55 GMT] "GET /css/app.css HTTP/1.1" 200 215 "http://localhost:3001/" "Mozilla/5.0 (Windows NT 10.0; WOW64) AppleWebKit/537.36 (KHTML, like Gecko) Chrome/48.0.2564.116 Safari/537.36"
::1 - - [Sat, 20 Feb 2016 21:03:55 GMT] "GET /js/external/bootstrap.min.js HTTP/1.1" 200 36874 "http://localhost:3001/" "Mozilla/5.0 (Windows NT 10.0; WOW64) AppleWebKit/537.36 (KHTML, like Gecko) Chrome/48.0.2564.116 Safari/537.36"
::1 - - [Sat, 20 Feb 2016 21:03:55 GMT] "GET /js/external/jquery.min.js HTTP/1.1" 200 85593 "http://localhost:3001/" "Mozilla/5.0 (Windows NT 10.0; WOW64) AppleWebKit/537.36 (KHTML, like Gecko) Chrome/48.0.2564.116 Safari/537.36"
::1 - - [Sat, 20 Feb 2016 21:03:55 GMT] "GET /js/external/angular-css.min.js HTTP/1.1" 200 6481 "http://localhost:3001/" "Mozilla/5.0 (Windows NT 10.0; WOW64) AppleWebKit/537.36 (KHTML, like Gecko) Chrome/48.0.2564.116 Safari/537.36"
::1 - - [Sat, 20 Feb 2016 21:03:55 GMT] "GET /js/external/angular-route.js HTTP/1.1" 200 36868 "http://localhost:3001/" "Mozilla/5.0 (Windows NT 10.0; WOW64) AppleWebKit/537.36 (KHTML, like Gecko) Chrome/48.0.2564.116 Safari/537.36"
::1 - - [Sat, 20 Feb 2016 21:03:55 GMT] "GET /js/external/angular.min.js HTTP/1.1" 200 150312 "http://localhost:3001/" "Mozilla/5.0 (Windows NT 10.0; WOW64) AppleWebKit/537.36 (KHTML, like Gecko) Chrome/48.0.2564.116 Safari/537.36"
::1 - - [Sat, 20 Feb 2016 21:03:55 GMT] "GET /js/app.js HTTP/1.1" 200 1056 "http://localhost:3001/" "Mozilla/5.0 (Windows NT 10.0; WOW64) AppleWebKit/537.36 (KHTML, like Gecko) Chrome/48.0.2564.116 Safari/537.36"
::1 - - [Sat, 20 Feb 2016 21:03:55 GMT] "GET /js/controller/loginController.js HTTP/1.1" 200 - "http://localhost:3001/" "Mozilla/5.0 (Windows NT 10.0; WOW64) AppleWebKit/537.36 (KHTML, like Gecko) Chrome/48.0.2564.116 Safari/537.36"
::1 - - [Sat, 20 Feb 2016 21:03:55 GMT] "GET /js/controller/workflowController.js HTTP/1.1" 200 - "http://localhost:3001/" "Mozilla/5.0 (Windows NT 10.0; WOW64) AppleWebKit/537.36 (KHTML, like Gecko) Chrome/48.0.2564.116 Safari/537.36"
::1 - - [Sat, 20 Feb 2016 21:03:55 GMT] "GET /js/controller/navController.js HTTP/1.1" 200 246 "http://localhost:3001/" "Mozilla/5.0 (Windows NT 10.0; WOW64) AppleWebKit/537.36 (KHTML, like Gecko) Chrome/48.0.2564.116 Safari/537.36"
::1 - - [Sat, 20 Feb 2016 21:03:55 GMT] "GET /js/controller/userController.js HTTP/1.1" 200 311 "http://localhost:3001/" "Mozilla/5.0 (Windows NT 10.0; WOW64) AppleWebKit/537.36 (KHTML, like Gecko) Chrome/48.0.2564.116 Safari/537.36"
::1 - - [Sat, 20 Feb 2016 21:03:55 GMT] "GET /js/services/workflowService.js HTTP/1.1" 200 377 "http://localhost:3001/" "Mozilla/5.0 (Windows NT 10.0; WOW64) AppleWebKit/537.36 (KHTML, like Gecko) Chrome/48.0.2564.116 Safari/537.36"
::1 - - [Sat, 20 Feb 2016 21:03:55 GMT] "GET /js/services/userService.js HTTP/1.1" 200 252 "http://localhost:3001/" "Mozilla/5.0 (Windows NT 10.0; WOW64) AppleWebKit/537.36 (KHTML, like Gecko) Chrome/48.0.2564.116 Safari/537.36"
::1 - - [Sat, 20 Feb 2016 21:03:55 GMT] "GET /templates/default.html HTTP/1.1" 200 9 "http://localhost:3001/" "Mozilla/5.0 (Windows NT 10.0; WOW64) AppleWebKit/537.36 (KHTML, like Gecko) Chrome/48.0.2564.116 Safari/537.36"
::1 - - [Sat, 20 Feb 2016 21:03:58 GMT] "GET /templates/about.html HTTP/1.1" 200 4814 "http://localhost:3001/" "Mozilla/5.0 (Windows NT 10.0; WOW64) AppleWebKit/537.36 (KHTML, like Gecko) Chrome/48.0.2564.116 Safari/537.36"
::1 - - [Sat, 20 Feb 2016 21:03:58 GMT] "GET /%7B%7B%20teamMember.mugPath%20%7D%7D HTTP/1.1" 404 49 "http://localhost:3001/" "Mozilla/5.0 (Windows NT 10.0; WOW64) AppleWebKit/537.36 (KHTML, like Gecko) Chrome/48.0.2564.116 Safari/537.36"
::1 - - [Sat, 20 Feb 2016 21:03:58 GMT] "GET /content/images/ELEANOR.jpg HTTP/1.1" 200 5829 "http://localhost:3001/" "Mozilla/5.0 (Windows NT 10.0; WOW64) AppleWebKit/537.36 (KHTML, like Gecko) Chrome/48.0.2564.116 Safari/537.36"
::1 - - [Sat, 20 Feb 2016 21:03:58 GMT] "GET /content/images/JOEL.jpg HTTP/1.1" 200 5829 "http://localhost:3001/" "Mozilla/5.0 (Windows NT 10.0; WOW64) AppleWebKit/537.36 (KHTML, like Gecko) Chrome/48.0.2564.116 Safari/537.36"
::1 - - [Sat, 20 Feb 2016 21:03:58 GMT] "GET /content/images/BRENT.jpg HTTP/1.1" 200 5829 "http://localhost:3001/" "Mozilla/5.0 (Windows NT 10.0; WOW64) AppleWebKit/537.36 (KHTML, like Gecko) Chrome/48.0.2564.116 Safari/537.36"
::1 - - [Sat, 20 Feb 2016 21:03:58 GMT] "GET /content/images/JUSTIN.jpg HTTP/1.1" 200 5829 "http://localhost:3001/" "Mozilla/5.0 (Windows NT 10.0; WOW64) AppleWebKit/537.36 (KHTML, like Gecko) Chrome/48.0.2564.116 Safari/537.36"
::1 - - [Sat, 20 Feb 2016 21:03:58 GMT] "GET /content/images/DEVIN.jpg HTTP/1.1" 200 165587 "http://localhost:3001/" "Mozilla/5.0 (Windows NT 10.0; WOW64) AppleWebKit/537.36 (KHTML, like Gecko) Chrome/48.0.2564.116 Safari/537.36"
::1 - - [Sat, 20 Feb 2016 21:03:58 GMT] "GET /content/images/RAJNI.jpg HTTP/1.1" 200 5829 "http://localhost:3001/" "Mozilla/5.0 (Windows NT 10.0; WOW64) AppleWebKit/537.36 (KHTML, like Gecko) Chrome/48.0.2564.116 Safari/537.36"
::1 - - [Sat, 20 Feb 2016 21:03:58 GMT] "GET /content/images/TODD.jpg HTTP/1.1" 200 5829 "http://localhost:3001/" "Mozilla/5.0 (Windows NT 10.0; WOW64) AppleWebKit/537.36 (KHTML, like Gecko) Chrome/48.0.2564.116 Safari/537.36"
::1 - - [Sat, 20 Feb 2016 21:03:58 GMT] "GET /content/images/VERNON.jpg HTTP/1.1" 200 5829 "http://localhost:3001/" "Mozilla/5.0 (Windows NT 10.0; WOW64) AppleWebKit/537.36 (KHTML, like Gecko) Chrome/48.0.2564.116 Safari/537.36"
::1 - - [Sat, 20 Feb 2016 21:05:58 GMT] "GET /%7B%7B%20teamMember.mugPath%20%7D%7D HTTP/1.1" 404 49 "http://localhost:3001/index.html" "Mozilla/5.0 (Windows NT 10.0; Win64; x64) AppleWebKit/537.36 (KHTML, like Gecko) Chrome/42.0.2311.135 Safari/537.36 Edge/12.10240"
::1 - - [Sat, 20 Feb 2016 21:06:11 GMT] "GET /templates/user-modify.html HTTP/1.1" 200 1783 "http://localhost:3001/" "Mozilla/5.0 (Windows NT 10.0; WOW64) AppleWebKit/537.36 (KHTML, like Gecko) Chrome/48.0.2564.116 Safari/537.36"
::1 - - [Sat, 20 Feb 2016 21:06:11 GMT] "GET /css/external/bootstrap.min.css HTTP/1.1" 304 - "http://localhost:3001/" "Mozilla/5.0 (Windows NT 10.0; WOW64) AppleWebKit/537.36 (KHTML, like Gecko) Chrome/48.0.2564.116 Safari/537.36"
::1 - - [Sat, 20 Feb 2016 21:06:11 GMT] "GET /css/external/bootstrap-theme.min.css HTTP/1.1" 304 - "http://localhost:3001/" "Mozilla/5.0 (Windows NT 10.0; WOW64) AppleWebKit/537.36 (KHTML, like Gecko) Chrome/48.0.2564.116 Safari/537.36"
::1 - - [Sat, 20 Feb 2016 21:06:11 GMT] "GET /css/app.css HTTP/1.1" 304 - "http://localhost:3001/" "Mozilla/5.0 (Windows NT 10.0; WOW64) AppleWebKit/537.36 (KHTML, like Gecko) Chrome/48.0.2564.116 Safari/537.36"
::1 - - [Sat, 20 Feb 2016 21:06:14 GMT] "GET /templates/workflow-list.html HTTP/1.1" 200 10 "http://localhost:3001/" "Mozilla/5.0 (Windows NT 10.0; WOW64) AppleWebKit/537.36 (KHTML, like Gecko) Chrome/48.0.2564.116 Safari/537.36"
::1 - - [Sat, 20 Feb 2016 21:06:29 GMT] "GET /%7B%7B%20teamMember.mugPath%20%7D%7D HTTP/1.1" 404 49 "http://localhost:3001/" "Mozilla/5.0 (Windows NT 10.0; WOW64) AppleWebKit/537.36 (KHTML, like Gecko) Chrome/48.0.2564.116 Safari/537.36"
::1 - - [Sat, 20 Feb 2016 21:06:33 GMT] "GET /css/external/bootstrap.min.css HTTP/1.1" 304 - "http://localhost:3001/" "Mozilla/5.0 (Windows NT 10.0; WOW64) AppleWebKit/537.36 (KHTML, like Gecko) Chrome/48.0.2564.116 Safari/537.36"
::1 - - [Sat, 20 Feb 2016 21:06:33 GMT] "GET /css/external/bootstrap-theme.min.css HTTP/1.1" 304 - "http://localhost:3001/" "Mozilla/5.0 (Windows NT 10.0; WOW64) AppleWebKit/537.36 (KHTML, like Gecko) Chrome/48.0.2564.116 Safari/537.36"
::1 - - [Sat, 20 Feb 2016 21:06:33 GMT] "GET /css/app.css HTTP/1.1" 304 - "http://localhost:3001/" "Mozilla/5.0 (Windows NT 10.0; WOW64) AppleWebKit/537.36 (KHTML, like Gecko) Chrome/48.0.2564.116 Safari/537.36"
::1 - - [Sat, 20 Feb 2016 21:06:59 GMT] "GET /css/external/bootstrap.min.css HTTP/1.1" 304 - "http://localhost:3001/" "Mozilla/5.0 (Windows NT 10.0; WOW64) AppleWebKit/537.36 (KHTML, like Gecko) Chrome/48.0.2564.116 Safari/537.36"
::1 - - [Sat, 20 Feb 2016 21:06:59 GMT] "GET /css/external/bootstrap-theme.min.css HTTP/1.1" 304 - "http://localhost:3001/" "Mozilla/5.0 (Windows NT 10.0; WOW64) AppleWebKit/537.36 (KHTML, like Gecko) Chrome/48.0.2564.116 Safari/537.36"
::1 - - [Sat, 20 Feb 2016 21:06:59 GMT] "GET /css/app.css HTTP/1.1" 304 - "http://localhost:3001/" "Mozilla/5.0 (Windows NT 10.0; WOW64) AppleWebKit/537.36 (KHTML, like Gecko) Chrome/48.0.2564.116 Safari/537.36"
::1 - - [Sat, 20 Feb 2016 21:07:00 GMT] "GET /%7B%7B%20teamMember.mugPath%20%7D%7D HTTP/1.1" 404 49 "http://localhost:3001/" "Mozilla/5.0 (Windows NT 10.0; WOW64) AppleWebKit/537.36 (KHTML, like Gecko) Chrome/48.0.2564.116 Safari/537.36"
::1 - - [Sat, 20 Feb 2016 21:12:37 GMT] "GET /css/external/bootstrap.min.css HTTP/1.1" 304 - "http://localhost:3001/" "Mozilla/5.0 (Windows NT 10.0; WOW64) AppleWebKit/537.36 (KHTML, like Gecko) Chrome/48.0.2564.116 Safari/537.36"
::1 - - [Sat, 20 Feb 2016 21:12:37 GMT] "GET /css/external/bootstrap-theme.min.css HTTP/1.1" 304 - "http://localhost:3001/" "Mozilla/5.0 (Windows NT 10.0; WOW64) AppleWebKit/537.36 (KHTML, like Gecko) Chrome/48.0.2564.116 Safari/537.36"
::1 - - [Sat, 20 Feb 2016 21:12:37 GMT] "GET /css/app.css HTTP/1.1" 304 - "http://localhost:3001/" "Mozilla/5.0 (Windows NT 10.0; WOW64) AppleWebKit/537.36 (KHTML, like Gecko) Chrome/48.0.2564.116 Safari/537.36"
::1 - - [Sat, 20 Feb 2016 21:15:55 GMT] "GET /myflows/user?skip=0&limit=3 HTTP/1.1" 304 - "-" "Mozilla/5.0 (Windows NT 10.0; WOW64) AppleWebKit/537.36 (KHTML, like Gecko) Chrome/48.0.2564.116 Safari/537.36"
::1 - - [Sat, 20 Feb 2016 21:16:26 GMT] "GET /myflows/user?skip=3&limit=3 HTTP/1.1" 200 328 "-" "Mozilla/5.0 (Windows NT 10.0; WOW64) AppleWebKit/537.36 (KHTML, like Gecko) Chrome/48.0.2564.116 Safari/537.36"
::1 - - [Sat, 20 Feb 2016 21:16:47 GMT] "GET /myflows/user?skip=3&limit=6 HTTP/1.1" 200 655 "-" "Mozilla/5.0 (Windows NT 10.0; WOW64) AppleWebKit/537.36 (KHTML, like Gecko) Chrome/48.0.2564.116 Safari/537.36"
::1 - - [Sat, 20 Feb 2016 21:21:24 GMT] "GET /myflows/user?skip=3&limit=6 HTTP/1.1" 304 - "-" "Mozilla/5.0 (Windows NT 10.0; WOW64) AppleWebKit/537.36 (KHTML, like Gecko) Chrome/48.0.2564.116 Safari/537.36"
::1 - - [Sat, 20 Feb 2016 21:21:26 GMT] "GET /myflows/user?skip=3&limit=6 HTTP/1.1" 304 - "-" "Mozilla/5.0 (Windows NT 10.0; WOW64) AppleWebKit/537.36 (KHTML, like Gecko) Chrome/48.0.2564.116 Safari/537.36"
::1 - - [Sat, 20 Feb 2016 21:21:27 GMT] "GET /myflows/user?skip=3&limit=6 HTTP/1.1" 304 - "-" "Mozilla/5.0 (Windows NT 10.0; WOW64) AppleWebKit/537.36 (KHTML, like Gecko) Chrome/48.0.2564.116 Safari/537.36"
::1 - - [Sat, 20 Feb 2016 21:21:28 GMT] "GET /myflows/user?skip=3&limit=6 HTTP/1.1" 304 - "-" "Mozilla/5.0 (Windows NT 10.0; WOW64) AppleWebKit/537.36 (KHTML, like Gecko) Chrome/48.0.2564.116 Safari/537.36"
::1 - - [Sat, 20 Feb 2016 21:21:30 GMT] "GET /myflows/user?skip=3&limit=6 HTTP/1.1" 304 - "-" "Mozilla/5.0 (Windows NT 10.0; WOW64) AppleWebKit/537.36 (KHTML, like Gecko) Chrome/48.0.2564.116 Safari/537.36"
::1 - - [Sat, 20 Feb 2016 21:21:31 GMT] "GET /myflows/user?skip=3&limit=6 HTTP/1.1" 304 - "-" "Mozilla/5.0 (Windows NT 10.0; WOW64) AppleWebKit/537.36 (KHTML, like Gecko) Chrome/48.0.2564.116 Safari/537.36"
::1 - - [Sat, 20 Feb 2016 21:21:32 GMT] "GET /myflows/user?skip=3&limit=6 HTTP/1.1" 304 - "-" "Mozilla/5.0 (Windows NT 10.0; WOW64) AppleWebKit/537.36 (KHTML, like Gecko) Chrome/48.0.2564.116 Safari/537.36"
::1 - - [Sat, 20 Feb 2016 21:21:34 GMT] "GET /myflows/user?skip=3&limit=6 HTTP/1.1" 304 - "-" "Mozilla/5.0 (Windows NT 10.0; WOW64) AppleWebKit/537.36 (KHTML, like Gecko) Chrome/48.0.2564.116 Safari/537.36"
::1 - - [Sat, 20 Feb 2016 21:21:35 GMT] "GET /myflows/user?skip=3&limit=6 HTTP/1.1" 304 - "-" "Mozilla/5.0 (Windows NT 10.0; WOW64) AppleWebKit/537.36 (KHTML, like Gecko) Chrome/48.0.2564.116 Safari/537.36"
::1 - - [Sat, 20 Feb 2016 21:21:37 GMT] "GET /myflows/user?skip=3&limit=6 HTTP/1.1" 304 - "-" "Mozilla/5.0 (Windows NT 10.0; WOW64) AppleWebKit/537.36 (KHTML, like Gecko) Chrome/48.0.2564.116 Safari/537.36"
::1 - - [Sat, 20 Feb 2016 23:31:30 GMT] "GET /css/external/bootstrap.min.css HTTP/1.1" 304 - "http://localhost:3001/" "Mozilla/5.0 (Windows NT 10.0; WOW64) AppleWebKit/537.36 (KHTML, like Gecko) Chrome/48.0.2564.116 Safari/537.36"
::1 - - [Sat, 20 Feb 2016 23:31:30 GMT] "GET /css/external/bootstrap-theme.min.css HTTP/1.1" 304 - "http://localhost:3001/" "Mozilla/5.0 (Windows NT 10.0; WOW64) AppleWebKit/537.36 (KHTML, like Gecko) Chrome/48.0.2564.116 Safari/537.36"
::1 - - [Sat, 20 Feb 2016 23:31:30 GMT] "GET /css/app.css HTTP/1.1" 304 - "http://localhost:3001/" "Mozilla/5.0 (Windows NT 10.0; WOW64) AppleWebKit/537.36 (KHTML, like Gecko) Chrome/48.0.2564.116 Safari/537.36"
::1 - - [Sun, 21 Feb 2016 00:13:15 GMT] "GET /css/external/bootstrap.min.css HTTP/1.1" 304 - "http://localhost:3001/" "Mozilla/5.0 (Windows NT 10.0; WOW64) AppleWebKit/537.36 (KHTML, like Gecko) Chrome/48.0.2564.116 Safari/537.36"
::1 - - [Sun, 21 Feb 2016 00:13:15 GMT] "GET /css/external/bootstrap-theme.min.css HTTP/1.1" 304 - "http://localhost:3001/" "Mozilla/5.0 (Windows NT 10.0; WOW64) AppleWebKit/537.36 (KHTML, like Gecko) Chrome/48.0.2564.116 Safari/537.36"
::1 - - [Sun, 21 Feb 2016 00:13:15 GMT] "GET /css/app.css HTTP/1.1" 200 441 "http://localhost:3001/" "Mozilla/5.0 (Windows NT 10.0; WOW64) AppleWebKit/537.36 (KHTML, like Gecko) Chrome/48.0.2564.116 Safari/537.36"
::1 - - [Sun, 21 Feb 2016 00:13:32 GMT] "GET / HTTP/1.1" 200 3076 "-" "Mozilla/5.0 (Windows NT 10.0; WOW64) AppleWebKit/537.36 (KHTML, like Gecko) Chrome/48.0.2564.116 Safari/537.36"
::1 - - [Sun, 21 Feb 2016 00:13:32 GMT] "GET /css/external/bootstrap.min.css HTTP/1.1" 304 - "http://localhost:3001/" "Mozilla/5.0 (Windows NT 10.0; WOW64) AppleWebKit/537.36 (KHTML, like Gecko) Chrome/48.0.2564.116 Safari/537.36"
::1 - - [Sun, 21 Feb 2016 00:13:32 GMT] "GET /css/external/bootstrap-theme.min.css HTTP/1.1" 304 - "http://localhost:3001/" "Mozilla/5.0 (Windows NT 10.0; WOW64) AppleWebKit/537.36 (KHTML, like Gecko) Chrome/48.0.2564.116 Safari/537.36"
::1 - - [Sun, 21 Feb 2016 00:13:32 GMT] "GET /css/app.css HTTP/1.1" 304 - "http://localhost:3001/" "Mozilla/5.0 (Windows NT 10.0; WOW64) AppleWebKit/537.36 (KHTML, like Gecko) Chrome/48.0.2564.116 Safari/537.36"
::1 - - [Sun, 21 Feb 2016 00:13:32 GMT] "GET /js/external/jquery.min.js HTTP/1.1" 304 - "http://localhost:3001/" "Mozilla/5.0 (Windows NT 10.0; WOW64) AppleWebKit/537.36 (KHTML, like Gecko) Chrome/48.0.2564.116 Safari/537.36"
::1 - - [Sun, 21 Feb 2016 00:13:32 GMT] "GET /js/external/bootstrap.min.js HTTP/1.1" 304 - "http://localhost:3001/" "Mozilla/5.0 (Windows NT 10.0; WOW64) AppleWebKit/537.36 (KHTML, like Gecko) Chrome/48.0.2564.116 Safari/537.36"
::1 - - [Sun, 21 Feb 2016 00:13:32 GMT] "GET /js/external/angular.min.js HTTP/1.1" 304 - "http://localhost:3001/" "Mozilla/5.0 (Windows NT 10.0; WOW64) AppleWebKit/537.36 (KHTML, like Gecko) Chrome/48.0.2564.116 Safari/537.36"
::1 - - [Sun, 21 Feb 2016 00:13:32 GMT] "GET /js/external/angular-route.js HTTP/1.1" 304 - "http://localhost:3001/" "Mozilla/5.0 (Windows NT 10.0; WOW64) AppleWebKit/537.36 (KHTML, like Gecko) Chrome/48.0.2564.116 Safari/537.36"
::1 - - [Sun, 21 Feb 2016 00:13:32 GMT] "GET /js/external/angular-css.min.js HTTP/1.1" 304 - "http://localhost:3001/" "Mozilla/5.0 (Windows NT 10.0; WOW64) AppleWebKit/537.36 (KHTML, like Gecko) Chrome/48.0.2564.116 Safari/537.36"
::1 - - [Sun, 21 Feb 2016 00:13:32 GMT] "GET /js/controller/loginController.js HTTP/1.1" 304 - "http://localhost:3001/" "Mozilla/5.0 (Windows NT 10.0; WOW64) AppleWebKit/537.36 (KHTML, like Gecko) Chrome/48.0.2564.116 Safari/537.36"
::1 - - [Sun, 21 Feb 2016 00:13:32 GMT] "GET /js/external/ui-bootstrap-tpls-1.1.2.min.js HTTP/1.1" 200 114270 "http://localhost:3001/" "Mozilla/5.0 (Windows NT 10.0; WOW64) AppleWebKit/537.36 (KHTML, like Gecko) Chrome/48.0.2564.116 Safari/537.36"
::1 - - [Sun, 21 Feb 2016 00:13:32 GMT] "GET /js/controller/navController.js HTTP/1.1" 304 - "http://localhost:3001/" "Mozilla/5.0 (Windows NT 10.0; WOW64) AppleWebKit/537.36 (KHTML, like Gecko) Chrome/48.0.2564.116 Safari/537.36"
::1 - - [Sun, 21 Feb 2016 00:13:32 GMT] "GET /js/app.js HTTP/1.1" 200 1070 "http://localhost:3001/" "Mozilla/5.0 (Windows NT 10.0; WOW64) AppleWebKit/537.36 (KHTML, like Gecko) Chrome/48.0.2564.116 Safari/537.36"
::1 - - [Sun, 21 Feb 2016 00:13:32 GMT] "GET /js/controller/workflowController.js HTTP/1.1" 200 786 "http://localhost:3001/" "Mozilla/5.0 (Windows NT 10.0; WOW64) AppleWebKit/537.36 (KHTML, like Gecko) Chrome/48.0.2564.116 Safari/537.36"
::1 - - [Sun, 21 Feb 2016 00:13:32 GMT] "GET /js/controller/workflowListController.js HTTP/1.1" 200 1847 "http://localhost:3001/" "Mozilla/5.0 (Windows NT 10.0; WOW64) AppleWebKit/537.36 (KHTML, like Gecko) Chrome/48.0.2564.116 Safari/537.36"
::1 - - [Sun, 21 Feb 2016 00:13:32 GMT] "GET /js/controller/userController.js HTTP/1.1" 200 328 "http://localhost:3001/" "Mozilla/5.0 (Windows NT 10.0; WOW64) AppleWebKit/537.36 (KHTML, like Gecko) Chrome/48.0.2564.116 Safari/537.36"
::1 - - [Sun, 21 Feb 2016 00:13:32 GMT] "GET /js/directives/workflowModalDirective.js HTTP/1.1" 200 822 "http://localhost:3001/" "Mozilla/5.0 (Windows NT 10.0; WOW64) AppleWebKit/537.36 (KHTML, like Gecko) Chrome/48.0.2564.116 Safari/537.36"
::1 - - [Sun, 21 Feb 2016 00:13:32 GMT] "GET /js/controller/aboutController.js HTTP/1.1" 200 3916 "http://localhost:3001/" "Mozilla/5.0 (Windows NT 10.0; WOW64) AppleWebKit/537.36 (KHTML, like Gecko) Chrome/48.0.2564.116 Safari/537.36"
::1 - - [Sun, 21 Feb 2016 00:13:32 GMT] "GET /js/services/workflowService.js HTTP/1.1" 200 635 "http://localhost:3001/" "Mozilla/5.0 (Windows NT 10.0; WOW64) AppleWebKit/537.36 (KHTML, like Gecko) Chrome/48.0.2564.116 Safari/537.36"
::1 - - [Sun, 21 Feb 2016 00:13:32 GMT] "GET /js/services/userService.js HTTP/1.1" 200 345 "http://localhost:3001/" "Mozilla/5.0 (Windows NT 10.0; WOW64) AppleWebKit/537.36 (KHTML, like Gecko) Chrome/48.0.2564.116 Safari/537.36"
::1 - - [Sun, 21 Feb 2016 00:13:32 GMT] "GET /templates/user-modify.html HTTP/1.1" 304 - "http://localhost:3001/" "Mozilla/5.0 (Windows NT 10.0; WOW64) AppleWebKit/537.36 (KHTML, like Gecko) Chrome/48.0.2564.116 Safari/537.36"
::1 - - [Sun, 21 Feb 2016 00:13:32 GMT] "GET /css/external/bootstrap.min.css HTTP/1.1" 304 - "http://localhost:3001/" "Mozilla/5.0 (Windows NT 10.0; WOW64) AppleWebKit/537.36 (KHTML, like Gecko) Chrome/48.0.2564.116 Safari/537.36"
::1 - - [Sun, 21 Feb 2016 00:13:32 GMT] "GET /css/external/bootstrap-theme.min.css HTTP/1.1" 304 - "http://localhost:3001/" "Mozilla/5.0 (Windows NT 10.0; WOW64) AppleWebKit/537.36 (KHTML, like Gecko) Chrome/48.0.2564.116 Safari/537.36"
::1 - - [Sun, 21 Feb 2016 00:13:32 GMT] "GET /css/app.css HTTP/1.1" 304 - "http://localhost:3001/" "Mozilla/5.0 (Windows NT 10.0; WOW64) AppleWebKit/537.36 (KHTML, like Gecko) Chrome/48.0.2564.116 Safari/537.36"
::1 - - [Sun, 21 Feb 2016 00:13:49 GMT] "GET /templates/default.html HTTP/1.1" 304 - "http://localhost:3001/" "Mozilla/5.0 (Windows NT 10.0; WOW64) AppleWebKit/537.36 (KHTML, like Gecko) Chrome/48.0.2564.116 Safari/537.36"
::1 - - [Sun, 21 Feb 2016 00:14:25 GMT] "GET /css/external/bootstrap.min.css HTTP/1.1" 304 - "http://localhost:3001/" "Mozilla/5.0 (Windows NT 10.0; WOW64) AppleWebKit/537.36 (KHTML, like Gecko) Chrome/48.0.2564.116 Safari/537.36"
::1 - - [Sun, 21 Feb 2016 00:14:25 GMT] "GET /css/external/bootstrap-theme.min.css HTTP/1.1" 304 - "http://localhost:3001/" "Mozilla/5.0 (Windows NT 10.0; WOW64) AppleWebKit/537.36 (KHTML, like Gecko) Chrome/48.0.2564.116 Safari/537.36"
::1 - - [Sun, 21 Feb 2016 00:14:25 GMT] "GET /css/app.css HTTP/1.1" 304 - "http://localhost:3001/" "Mozilla/5.0 (Windows NT 10.0; WOW64) AppleWebKit/537.36 (KHTML, like Gecko) Chrome/48.0.2564.116 Safari/537.36"
::1 - - [Sun, 21 Feb 2016 00:14:40 GMT] "GET /css/external/bootstrap.min.css HTTP/1.1" 304 - "http://localhost:3001/" "Mozilla/5.0 (Windows NT 10.0; WOW64) AppleWebKit/537.36 (KHTML, like Gecko) Chrome/48.0.2564.116 Safari/537.36"
::1 - - [Sun, 21 Feb 2016 00:14:40 GMT] "GET /css/external/bootstrap-theme.min.css HTTP/1.1" 304 - "http://localhost:3001/" "Mozilla/5.0 (Windows NT 10.0; WOW64) AppleWebKit/537.36 (KHTML, like Gecko) Chrome/48.0.2564.116 Safari/537.36"
::1 - - [Sun, 21 Feb 2016 00:14:40 GMT] "GET /css/app.css HTTP/1.1" 304 - "http://localhost:3001/" "Mozilla/5.0 (Windows NT 10.0; WOW64) AppleWebKit/537.36 (KHTML, like Gecko) Chrome/48.0.2564.116 Safari/537.36"
::1 - - [Sun, 21 Feb 2016 00:14:42 GMT] "GET /templates/workflow-list.html HTTP/1.1" 200 888 "http://localhost:3001/" "Mozilla/5.0 (Windows NT 10.0; WOW64) AppleWebKit/537.36 (KHTML, like Gecko) Chrome/48.0.2564.116 Safari/537.36"
::1 - - [Sun, 21 Feb 2016 00:15:03 GMT] "GET /css/external/bootstrap.min.css HTTP/1.1" 304 - "http://localhost:3001/" "Mozilla/5.0 (Windows NT 10.0; WOW64) AppleWebKit/537.36 (KHTML, like Gecko) Chrome/48.0.2564.116 Safari/537.36"
::1 - - [Sun, 21 Feb 2016 00:15:03 GMT] "GET /css/external/bootstrap-theme.min.css HTTP/1.1" 304 - "http://localhost:3001/" "Mozilla/5.0 (Windows NT 10.0; WOW64) AppleWebKit/537.36 (KHTML, like Gecko) Chrome/48.0.2564.116 Safari/537.36"
::1 - - [Sun, 21 Feb 2016 00:15:03 GMT] "GET /css/app.css HTTP/1.1" 304 - "http://localhost:3001/" "Mozilla/5.0 (Windows NT 10.0; WOW64) AppleWebKit/537.36 (KHTML, like Gecko) Chrome/48.0.2564.116 Safari/537.36"
::1 - - [Sun, 21 Feb 2016 00:16:07 GMT] "GET /css/external/bootstrap.min.css HTTP/1.1" 304 - "http://localhost:3001/" "Mozilla/5.0 (Windows NT 10.0; WOW64) AppleWebKit/537.36 (KHTML, like Gecko) Chrome/48.0.2564.116 Safari/537.36"
::1 - - [Sun, 21 Feb 2016 00:16:07 GMT] "GET /css/external/bootstrap-theme.min.css HTTP/1.1" 304 - "http://localhost:3001/" "Mozilla/5.0 (Windows NT 10.0; WOW64) AppleWebKit/537.36 (KHTML, like Gecko) Chrome/48.0.2564.116 Safari/537.36"
::1 - - [Sun, 21 Feb 2016 00:16:07 GMT] "GET /css/app.css HTTP/1.1" 304 - "http://localhost:3001/" "Mozilla/5.0 (Windows NT 10.0; WOW64) AppleWebKit/537.36 (KHTML, like Gecko) Chrome/48.0.2564.116 Safari/537.36"
::1 - - [Sun, 21 Feb 2016 00:16:11 GMT] "GET /templates/workflow-display.html HTTP/1.1" 200 108 "http://localhost:3001/" "Mozilla/5.0 (Windows NT 10.0; WOW64) AppleWebKit/537.36 (KHTML, like Gecko) Chrome/48.0.2564.116 Safari/537.36"
::1 - - [Sun, 21 Feb 2016 00:16:11 GMT] "GET /templates/workflow-item.html HTTP/1.1" 200 944 "http://localhost:3001/" "Mozilla/5.0 (Windows NT 10.0; WOW64) AppleWebKit/537.36 (KHTML, like Gecko) Chrome/48.0.2564.116 Safari/537.36"
::1 - - [Sun, 21 Feb 2016 00:16:25 GMT] "GET /templates/workflow-modal.html HTTP/1.1" 200 1070 "http://localhost:3001/" "Mozilla/5.0 (Windows NT 10.0; WOW64) AppleWebKit/537.36 (KHTML, like Gecko) Chrome/48.0.2564.116 Safari/537.36"
::1 - - [Sun, 21 Feb 2016 00:17:12 GMT] "GET /css/external/bootstrap.min.css HTTP/1.1" 304 - "http://localhost:3001/" "Mozilla/5.0 (Windows NT 10.0; WOW64) AppleWebKit/537.36 (KHTML, like Gecko) Chrome/48.0.2564.116 Safari/537.36"
::1 - - [Sun, 21 Feb 2016 00:17:12 GMT] "GET /css/external/bootstrap-theme.min.css HTTP/1.1" 304 - "http://localhost:3001/" "Mozilla/5.0 (Windows NT 10.0; WOW64) AppleWebKit/537.36 (KHTML, like Gecko) Chrome/48.0.2564.116 Safari/537.36"
::1 - - [Sun, 21 Feb 2016 00:17:12 GMT] "GET /css/app.css HTTP/1.1" 304 - "http://localhost:3001/" "Mozilla/5.0 (Windows NT 10.0; WOW64) AppleWebKit/537.36 (KHTML, like Gecko) Chrome/48.0.2564.116 Safari/537.36"
::1 - - [Sun, 21 Feb 2016 00:18:38 GMT] "GET /css/external/bootstrap.min.css HTTP/1.1" 304 - "http://localhost:3001/" "Mozilla/5.0 (Windows NT 10.0; WOW64) AppleWebKit/537.36 (KHTML, like Gecko) Chrome/48.0.2564.116 Safari/537.36"
::1 - - [Sun, 21 Feb 2016 00:18:38 GMT] "GET /css/external/bootstrap-theme.min.css HTTP/1.1" 304 - "http://localhost:3001/" "Mozilla/5.0 (Windows NT 10.0; WOW64) AppleWebKit/537.36 (KHTML, like Gecko) Chrome/48.0.2564.116 Safari/537.36"
::1 - - [Sun, 21 Feb 2016 00:18:38 GMT] "GET /css/app.css HTTP/1.1" 304 - "http://localhost:3001/" "Mozilla/5.0 (Windows NT 10.0; WOW64) AppleWebKit/537.36 (KHTML, like Gecko) Chrome/48.0.2564.116 Safari/537.36"
::1 - - [Sun, 21 Feb 2016 00:37:10 GMT] "PUT /myflows/user HTTP/1.1" 200 183 "-" "Mozilla/5.0 (Windows NT 10.0; WOW64) AppleWebKit/537.36 (KHTML, like Gecko) Chrome/48.0.2564.116 Safari/537.36"
::1 - - [Sun, 21 Feb 2016 00:40:09 GMT] "GET /myflows/user HTTP/1.1" 200 1600 "-" "Mozilla/5.0 (Windows NT 10.0; WOW64) AppleWebKit/537.36 (KHTML, like Gecko) Chrome/48.0.2564.116 Safari/537.36"
::1 - - [Sun, 21 Feb 2016 00:41:53 GMT] "PUT /myflows/user HTTP/1.1" 200 203 "-" "Mozilla/5.0 (Windows NT 10.0; WOW64) AppleWebKit/537.36 (KHTML, like Gecko) Chrome/48.0.2564.116 Safari/537.36"
::1 - - [Sun, 21 Feb 2016 00:42:09 GMT] "PUT /myflows/user HTTP/1.1" 200 203 "-" "Mozilla/5.0 (Windows NT 10.0; WOW64) AppleWebKit/537.36 (KHTML, like Gecko) Chrome/48.0.2564.116 Safari/537.36"
::1 - - [Sun, 21 Feb 2016 00:47:14 GMT] "PUT /myflows/user HTTP/1.1" 200 387 "-" "Mozilla/5.0 (Windows NT 10.0; WOW64) AppleWebKit/537.36 (KHTML, like Gecko) Chrome/48.0.2564.116 Safari/537.36"
::1 - - [Sun, 21 Feb 2016 01:10:35 GMT] "POST /login HTTP/1.1" 302 28 "-" "Mozilla/5.0 (Windows NT 10.0; WOW64) AppleWebKit/537.36 (KHTML, like Gecko) Chrome/48.0.2564.116 Safari/537.36"
::1 - - [Sun, 21 Feb 2016 01:10:35 GMT] "GET /login HTTP/1.1" 404 18 "-" "Mozilla/5.0 (Windows NT 10.0; WOW64) AppleWebKit/537.36 (KHTML, like Gecko) Chrome/48.0.2564.116 Safari/537.36"
::1 - - [Sun, 21 Feb 2016 01:15:02 GMT] "POST /login HTTP/1.1" 302 28 "-" "Mozilla/5.0 (Windows NT 10.0; WOW64) AppleWebKit/537.36 (KHTML, like Gecko) Chrome/48.0.2564.116 Safari/537.36"
::1 - - [Sun, 21 Feb 2016 01:16:21 GMT] "POST /login HTTP/1.1" 302 28 "-" "Mozilla/5.0 (Windows NT 10.0; WOW64) AppleWebKit/537.36 (KHTML, like Gecko) Chrome/48.0.2564.116 Safari/537.36"
::1 - - [Sun, 21 Feb 2016 01:17:01 GMT] "POST /login HTTP/1.1" 302 28 "-" "Mozilla/5.0 (Windows NT 10.0; WOW64) AppleWebKit/537.36 (KHTML, like Gecko) Chrome/48.0.2564.116 Safari/537.36"
::1 - - [Sun, 21 Feb 2016 01:18:11 GMT] "POST /login HTTP/1.1" 302 28 "-" "Mozilla/5.0 (Windows NT 10.0; WOW64) AppleWebKit/537.36 (KHTML, like Gecko) Chrome/48.0.2564.116 Safari/537.36"
::1 - - [Sun, 21 Feb 2016 01:20:44 GMT] "POST /login HTTP/1.1" 302 28 "-" "Mozilla/5.0 (Windows NT 10.0; WOW64) AppleWebKit/537.36 (KHTML, like Gecko) Chrome/48.0.2564.116 Safari/537.36"
::1 - - [Sun, 21 Feb 2016 01:22:45 GMT] "POST /login HTTP/1.1" 302 28 "-" "Mozilla/5.0 (Windows NT 10.0; WOW64) AppleWebKit/537.36 (KHTML, like Gecko) Chrome/48.0.2564.116 Safari/537.36"
::1 - - [Sun, 21 Feb 2016 01:26:48 GMT] "POST /login HTTP/1.1" 302 28 "-" "Mozilla/5.0 (Windows NT 10.0; WOW64) AppleWebKit/537.36 (KHTML, like Gecko) Chrome/48.0.2564.116 Safari/537.36"
::1 - - [Sun, 21 Feb 2016 01:30:36 GMT] "POST /login HTTP/1.1" 302 28 "-" "Mozilla/5.0 (Windows NT 10.0; WOW64) AppleWebKit/537.36 (KHTML, like Gecko) Chrome/48.0.2564.116 Safari/537.36"
::1 - - [Sun, 21 Feb 2016 01:36:40 GMT] "POST /login HTTP/1.1" 302 28 "-" "Mozilla/5.0 (Windows NT 10.0; WOW64) AppleWebKit/537.36 (KHTML, like Gecko) Chrome/48.0.2564.116 Safari/537.36"
::1 - - [Sun, 21 Feb 2016 01:44:28 GMT] "POST /login HTTP/1.1" 302 28 "-" "Mozilla/5.0 (Windows NT 10.0; WOW64) AppleWebKit/537.36 (KHTML, like Gecko) Chrome/48.0.2564.116 Safari/537.36"
::1 - - [Sun, 21 Feb 2016 01:56:18 GMT] "POST /login HTTP/1.1" 302 28 "-" "Mozilla/5.0 (Windows NT 10.0; WOW64) AppleWebKit/537.36 (KHTML, like Gecko) Chrome/48.0.2564.116 Safari/537.36"
::1 - - [Sun, 21 Feb 2016 02:02:52 GMT] "POST /login HTTP/1.1" 302 28 "-" "Mozilla/5.0 (Windows NT 10.0; WOW64) AppleWebKit/537.36 (KHTML, like Gecko) Chrome/48.0.2564.116 Safari/537.36"
::1 - - [Sun, 21 Feb 2016 02:06:06 GMT] "POST /login HTTP/1.1" 302 28 "-" "Mozilla/5.0 (Windows NT 10.0; WOW64) AppleWebKit/537.36 (KHTML, like Gecko) Chrome/48.0.2564.116 Safari/537.36"
::1 - - [Sun, 21 Feb 2016 02:15:35 GMT] "POST /login HTTP/1.1" 302 28 "-" "Mozilla/5.0 (Windows NT 10.0; WOW64) AppleWebKit/537.36 (KHTML, like Gecko) Chrome/48.0.2564.116 Safari/537.36"
::1 - - [Sun, 21 Feb 2016 02:15:59 GMT] "POST /login HTTP/1.1" 302 28 "-" "Mozilla/5.0 (Windows NT 10.0; WOW64) AppleWebKit/537.36 (KHTML, like Gecko) Chrome/48.0.2564.116 Safari/537.36"
::1 - - [Sun, 21 Feb 2016 03:34:40 GMT] "POST /login HTTP/1.1" 302 28 "-" "Mozilla/5.0 (Windows NT 10.0; WOW64) AppleWebKit/537.36 (KHTML, like Gecko) Chrome/48.0.2564.116 Safari/537.36"
::1 - - [Sun, 21 Feb 2016 03:38:09 GMT] "POST /login HTTP/1.1" 302 28 "-" "Mozilla/5.0 (Windows NT 10.0; WOW64) AppleWebKit/537.36 (KHTML, like Gecko) Chrome/48.0.2564.116 Safari/537.36"
::1 - - [Sun, 21 Feb 2016 03:45:56 GMT] "POST /login HTTP/1.1" 302 28 "-" "Mozilla/5.0 (Windows NT 10.0; WOW64) AppleWebKit/537.36 (KHTML, like Gecko) Chrome/48.0.2564.116 Safari/537.36"
::1 - - [Sun, 21 Feb 2016 03:47:26 GMT] "POST /login HTTP/1.1" 302 28 "-" "Mozilla/5.0 (Windows NT 10.0; WOW64) AppleWebKit/537.36 (KHTML, like Gecko) Chrome/48.0.2564.116 Safari/537.36"
::1 - - [Sun, 21 Feb 2016 03:52:32 GMT] "POST /login HTTP/1.1" 302 28 "-" "Mozilla/5.0 (Windows NT 10.0; WOW64) AppleWebKit/537.36 (KHTML, like Gecko) Chrome/48.0.2564.116 Safari/537.36"
::1 - - [Sun, 21 Feb 2016 03:52:32 GMT] "GET /login HTTP/1.1" 404 18 "-" "Mozilla/5.0 (Windows NT 10.0; WOW64) AppleWebKit/537.36 (KHTML, like Gecko) Chrome/48.0.2564.116 Safari/537.36"
::1 - - [Sun, 21 Feb 2016 03:53:24 GMT] "POST /login HTTP/1.1" 302 28 "-" "Mozilla/5.0 (Windows NT 10.0; WOW64) AppleWebKit/537.36 (KHTML, like Gecko) Chrome/48.0.2564.116 Safari/537.36"
::1 - - [Sun, 21 Feb 2016 03:53:24 GMT] "GET /login HTTP/1.1" 404 18 "-" "Mozilla/5.0 (Windows NT 10.0; WOW64) AppleWebKit/537.36 (KHTML, like Gecko) Chrome/48.0.2564.116 Safari/537.36"
::1 - - [Sun, 21 Feb 2016 03:54:28 GMT] "POST /login HTTP/1.1" 302 28 "-" "Mozilla/5.0 (Windows NT 10.0; WOW64) AppleWebKit/537.36 (KHTML, like Gecko) Chrome/48.0.2564.116 Safari/537.36"
::1 - - [Sun, 21 Feb 2016 03:54:28 GMT] "GET /login HTTP/1.1" 404 18 "-" "Mozilla/5.0 (Windows NT 10.0; WOW64) AppleWebKit/537.36 (KHTML, like Gecko) Chrome/48.0.2564.116 Safari/537.36"
::1 - - [Sun, 21 Feb 2016 03:59:11 GMT] "POST /login HTTP/1.1" 302 28 "-" "Mozilla/5.0 (Windows NT 10.0; WOW64) AppleWebKit/537.36 (KHTML, like Gecko) Chrome/48.0.2564.116 Safari/537.36"
::1 - - [Sun, 21 Feb 2016 03:59:11 GMT] "GET /login HTTP/1.1" 404 18 "-" "Mozilla/5.0 (Windows NT 10.0; WOW64) AppleWebKit/537.36 (KHTML, like Gecko) Chrome/48.0.2564.116 Safari/537.36"
::1 - - [Sun, 21 Feb 2016 04:01:54 GMT] "POST /login HTTP/1.1" 302 28 "-" "Mozilla/5.0 (Windows NT 10.0; WOW64) AppleWebKit/537.36 (KHTML, like Gecko) Chrome/48.0.2564.116 Safari/537.36"
::1 - - [Sun, 21 Feb 2016 04:01:54 GMT] "GET /login HTTP/1.1" 404 18 "-" "Mozilla/5.0 (Windows NT 10.0; WOW64) AppleWebKit/537.36 (KHTML, like Gecko) Chrome/48.0.2564.116 Safari/537.36"
::1 - - [Sun, 21 Feb 2016 04:06:33 GMT] "POST /login HTTP/1.1" 302 28 "-" "Mozilla/5.0 (Windows NT 10.0; WOW64) AppleWebKit/537.36 (KHTML, like Gecko) Chrome/48.0.2564.116 Safari/537.36"
::1 - - [Sun, 21 Feb 2016 04:06:33 GMT] "GET /login HTTP/1.1" 404 18 "-" "Mozilla/5.0 (Windows NT 10.0; WOW64) AppleWebKit/537.36 (KHTML, like Gecko) Chrome/48.0.2564.116 Safari/537.36"
::1 - - [Sun, 21 Feb 2016 04:08:28 GMT] "POST /login HTTP/1.1" 302 28 "-" "Mozilla/5.0 (Windows NT 10.0; WOW64) AppleWebKit/537.36 (KHTML, like Gecko) Chrome/48.0.2564.116 Safari/537.36"
::1 - - [Sun, 21 Feb 2016 04:08:28 GMT] "GET /login HTTP/1.1" 404 18 "-" "Mozilla/5.0 (Windows NT 10.0; WOW64) AppleWebKit/537.36 (KHTML, like Gecko) Chrome/48.0.2564.116 Safari/537.36"
::1 - - [Sun, 21 Feb 2016 04:11:00 GMT] "POST /login HTTP/1.1" 302 28 "-" "Mozilla/5.0 (Windows NT 10.0; WOW64) AppleWebKit/537.36 (KHTML, like Gecko) Chrome/48.0.2564.116 Safari/537.36"
::1 - - [Sun, 21 Feb 2016 04:11:00 GMT] "GET /login HTTP/1.1" 404 18 "-" "Mozilla/5.0 (Windows NT 10.0; WOW64) AppleWebKit/537.36 (KHTML, like Gecko) Chrome/48.0.2564.116 Safari/537.36"
::1 - - [Sun, 21 Feb 2016 04:14:33 GMT] "POST /login HTTP/1.1" 302 28 "-" "Mozilla/5.0 (Windows NT 10.0; WOW64) AppleWebKit/537.36 (KHTML, like Gecko) Chrome/48.0.2564.116 Safari/537.36"
::1 - - [Sun, 21 Feb 2016 04:14:33 GMT] "GET /login HTTP/1.1" 404 18 "-" "Mozilla/5.0 (Windows NT 10.0; WOW64) AppleWebKit/537.36 (KHTML, like Gecko) Chrome/48.0.2564.116 Safari/537.36"
